<?xml version="1.0" encoding="utf-8"?><testsuites name="pytest tests"><testsuite name="pytest" errors="0" failures="0" skipped="0" tests="11" time="1.871" timestamp="2026-07-01T19:59:07.385514+00:00" hostname="agent-env-a52964b9-527c-47dd-8e49-24f551b1a59a"><testcase classname="backend.tests.test_upi_verify_iter3.TestUpiInfo" name="test_upi_info_fields" time="0.351" /><testcase classname="backend.tests.test_upi_verify_iter3.TestUpiQr" name="test_qr_returns_png" time="0.050" /><testcase classname="backend.tests.test_upi_verify_iter3.TestPaymentVerifiedFields" name="test_maintenance_pay_stores_upi_ref_no" time="0.154" /><testcase classname="backend.tests.test_upi_verify_iter3.TestPaymentVerifiedFields" name="test_gym_booking_stores_upi_ref_no" time="0.077" /><testcase classname="backend.tests.test_upi_verify_iter3.TestPaymentVerifiedFields" name="test_pool_booking_stores_upi_ref_no" time="0.075" /><testcase classname="backend.tests.test_upi_verify_iter3.TestAdminVerifyPayment" name="test_wrong_pin_returns_401" time="0.071" /><testcase classname="backend.tests.test_upi_verify_iter3.TestAdminVerifyPayment" name="test_missing_receipt_returns_404" time="0.071" /><testcase classname="backend.tests.test_upi_verify_iter3.TestAdminVerifyPayment" name="test_verify_toggles_flag" time="0.293" /><testcase classname="backend.tests.test_upi_verify_iter3.TestAdminVerifyPayment" name="test_amenity_receipt_can_be_verified" time="0.143" /><testcase classname="backend.tests.test_upi_verify_iter3.TestPdfStamp" name="test_pdf_pending_and_paid" time="0.230" /><testcase classname="backend.tests.test_upi_verify_iter3.TestExcelColumns" name="test_export_has_new_columns" time="0.138" /></testsuite></testsuites>