<?xml version="1.0" encoding="utf-8"?><testsuites name="pytest tests"><testsuite name="pytest" errors="0" failures="0" skipped="0" tests="44" time="4.407" timestamp="2026-07-01T19:59:15.921709+00:00" hostname="agent-env-a52964b9-527c-47dd-8e49-24f551b1a59a"><testcase classname="backend.tests.test_satrwa_api.TestHealth" name="test_root" time="0.276" /><testcase classname="backend.tests.test_satrwa_api.TestHealth" name="test_tariff_includes_late_fee_and_due_day" time="0.078" /><testcase classname="backend.tests.test_satrwa_api.TestAuth" name="test_login_nonexistent" time="0.080" /><testcase classname="backend.tests.test_satrwa_api.TestAuth" name="test_register_invalid_block" time="0.079" /><testcase classname="backend.tests.test_satrwa_api.TestAuth" name="test_register_flat_with_late_dues" time="0.080" /><testcase classname="backend.tests.test_satrwa_api.TestAuth" name="test_register_duplicate_rejected" time="0.079" /><testcase classname="backend.tests.test_satrwa_api.TestAuth" name="test_register_flat_current_month" time="0.079" /><testcase classname="backend.tests.test_satrwa_api.TestAuth" name="test_login_existing" time="0.083" /><testcase classname="backend.tests.test_satrwa_api.TestDues" name="test_dues_flat_not_found" time="0.047" /><testcase classname="backend.tests.test_satrwa_api.TestDues" name="test_dues_has_all_new_fields" time="0.049" /><testcase classname="backend.tests.test_satrwa_api.TestMaintenancePay" name="test_pay_current_month_only" time="0.127" /><testcase classname="backend.tests.test_satrwa_api.TestMaintenancePay" name="test_pay_current_month_when_not_pending_returns_400" time="0.085" /><testcase classname="backend.tests.test_satrwa_api.TestMaintenancePay" name="test_pay_full_with_late_fee" time="0.123" /><testcase classname="backend.tests.test_satrwa_api.TestMaintenancePay" name="test_pay_no_dues_no_conveyance_fails" time="0.077" /><testcase classname="backend.tests.test_satrwa_api.TestAmenity" name="test_gym_after_dues_cleared" time="0.049" /><testcase classname="backend.tests.test_satrwa_api.TestAmenity" name="test_pool_tiered" time="0.294" /><testcase classname="backend.tests.test_satrwa_api.TestAmenity" name="test_pool_invalid" time="0.081" /><testcase classname="backend.tests.test_satrwa_api.TestReceiptPDF" name="test_receipt_pdf_valid" time="0.093" /><testcase classname="backend.tests.test_satrwa_api.TestReceiptPDF" name="test_receipt_pdf_not_found" time="0.047" /><testcase classname="backend.tests.test_satrwa_api.TestReceiptPDF" name="test_receipt_not_found" time="0.042" /><testcase classname="backend.tests.test_satrwa_api.TestAdmin" name="test_verify_ok" time="0.042" /><testcase classname="backend.tests.test_satrwa_api.TestAdmin" name="test_verify_bad" time="0.082" /><testcase classname="backend.tests.test_satrwa_api.TestAdmin" name="test_late_fee_get" time="0.081" /><testcase classname="backend.tests.test_satrwa_api.TestAdmin" name="test_late_fee_set_wrong_pin" time="0.079" /><testcase classname="backend.tests.test_satrwa_api.TestAdmin" name="test_late_fee_set_negative" time="0.042" /><testcase classname="backend.tests.test_satrwa_api.TestAdmin" name="test_late_fee_set_and_get_roundtrip" time="0.201" /><testcase classname="backend.tests.test_satrwa_api.TestAdmin" name="test_payments_summary" time="0.044" /><testcase classname="backend.tests.test_satrwa_api.TestAdmin" name="test_payments_today" time="0.042" /><testcase classname="backend.tests.test_satrwa_api.TestAdmin" name="test_payments_date_filter" time="0.080" /><testcase classname="backend.tests.test_satrwa_api.TestAdmin" name="test_export_all_xlsx" time="0.056" /><testcase classname="backend.tests.test_satrwa_api.TestAdmin" name="test_export_today_xlsx" time="0.052" /><testcase classname="backend.tests.test_satrwa_api.TestAdmin" name="test_export_bad_pin" time="0.079" /><testcase classname="backend.tests.test_satrwa_api.TestAdmin" name="test_export_today_bad_pin" time="0.043" /><testcase classname="backend.tests.test_upi_verify_iter3.TestUpiInfo" name="test_upi_info_fields" time="0.170" /><testcase classname="backend.tests.test_upi_verify_iter3.TestUpiQr" name="test_qr_returns_png" time="0.086" /><testcase classname="backend.tests.test_upi_verify_iter3.TestPaymentVerifiedFields" name="test_maintenance_pay_stores_upi_ref_no" time="0.159" /><testcase classname="backend.tests.test_upi_verify_iter3.TestPaymentVerifiedFields" name="test_gym_booking_stores_upi_ref_no" time="0.044" /><testcase classname="backend.tests.test_upi_verify_iter3.TestPaymentVerifiedFields" name="test_pool_booking_stores_upi_ref_no" time="0.064" /><testcase classname="backend.tests.test_upi_verify_iter3.TestAdminVerifyPayment" name="test_wrong_pin_returns_401" time="0.034" /><testcase classname="backend.tests.test_upi_verify_iter3.TestAdminVerifyPayment" name="test_missing_receipt_returns_404" time="0.073" /><testcase classname="backend.tests.test_upi_verify_iter3.TestAdminVerifyPayment" name="test_verify_toggles_flag" time="0.290" /><testcase classname="backend.tests.test_upi_verify_iter3.TestAdminVerifyPayment" name="test_amenity_receipt_can_be_verified" time="0.149" /><testcase classname="backend.tests.test_upi_verify_iter3.TestPdfStamp" name="test_pdf_pending_and_paid" time="0.200" /><testcase classname="backend.tests.test_upi_verify_iter3.TestExcelColumns" name="test_export_has_new_columns" time="0.097" /></testsuite></testsuites>