<?xml version="1.0" encoding="utf-8"?><testsuites name="pytest tests"><testsuite name="pytest" errors="0" failures="0" skipped="0" tests="27" time="2.798" timestamp="2026-07-01T18:44:27.038279+00:00" hostname="agent-env-a52964b9-527c-47dd-8e49-24f551b1a59a"><testcase classname="backend.tests.test_satrwa_api.TestHealth" name="test_root" time="0.349" /><testcase classname="backend.tests.test_satrwa_api.TestHealth" name="test_tariff" time="0.047" /><testcase classname="backend.tests.test_satrwa_api.TestAuth" name="test_login_nonexistent_returns_exists_false" time="0.047" /><testcase classname="backend.tests.test_satrwa_api.TestAuth" name="test_register_invalid_block" time="0.083" /><testcase classname="backend.tests.test_satrwa_api.TestAuth" name="test_register_flat_with_dues" time="0.050" /><testcase classname="backend.tests.test_satrwa_api.TestAuth" name="test_register_duplicate_rejected" time="0.047" /><testcase classname="backend.tests.test_satrwa_api.TestAuth" name="test_login_existing" time="0.041" /><testcase classname="backend.tests.test_satrwa_api.TestAuth" name="test_register_flat_no_dues" time="0.082" /><testcase classname="backend.tests.test_satrwa_api.TestDues" name="test_dues_flat_not_found" time="0.043" /><testcase classname="backend.tests.test_satrwa_api.TestDues" name="test_dues_amount" time="0.084" /><testcase classname="backend.tests.test_satrwa_api.TestMaintenancePay" name="test_pay_one_month_oldest" time="0.179" /><testcase classname="backend.tests.test_satrwa_api.TestMaintenancePay" name="test_pay_full_with_conveyance" time="0.169" /><testcase classname="backend.tests.test_satrwa_api.TestMaintenancePay" name="test_pay_no_dues_no_conveyance_fails" time="0.050" /><testcase classname="backend.tests.test_satrwa_api.TestAmenity" name="test_gym_blocked_when_dues" time="0.082" /><testcase classname="backend.tests.test_satrwa_api.TestAmenity" name="test_pool_blocked_when_dues" time="0.048" /><testcase classname="backend.tests.test_satrwa_api.TestAmenity" name="test_clear_dues_then_book_gym" time="0.112" /><testcase classname="backend.tests.test_satrwa_api.TestAmenity" name="test_book_pool_tiered" time="0.326" /><testcase classname="backend.tests.test_satrwa_api.TestAmenity" name="test_pool_invalid_persons" time="0.078" /><testcase classname="backend.tests.test_satrwa_api.TestHistoryReceipt" name="test_history" time="0.048" /><testcase classname="backend.tests.test_satrwa_api.TestHistoryReceipt" name="test_receipt_not_found" time="0.043" /><testcase classname="backend.tests.test_satrwa_api.TestAdmin" name="test_verify_ok" time="0.082" /><testcase classname="backend.tests.test_satrwa_api.TestAdmin" name="test_verify_bad" time="0.041" /><testcase classname="backend.tests.test_satrwa_api.TestAdmin" name="test_list_series_has_active" time="0.082" /><testcase classname="backend.tests.test_satrwa_api.TestAdmin" name="test_create_series_requires_pin" time="0.078" /><testcase classname="backend.tests.test_satrwa_api.TestAdmin" name="test_create_and_activate_series" time="0.238" /><testcase classname="backend.tests.test_satrwa_api.TestAdmin" name="test_export_xlsx" time="0.099" /><testcase classname="backend.tests.test_satrwa_api.TestAdmin" name="test_export_bad_pin" time="0.079" /></testsuite></testsuites>